<?xml version="1.0" encoding="UTF-8"?>
<!-- Generated by org.testng.reporters.JUnitReportReporter -->
<testsuite hostname="admin7-HP-Pavilion-Laptop-14-dv0xxx" failures="0" tests="1" name="com.dmsApi.test.test" time="0.005" errors="0" timestamp="2022-03-07T15:10:21 IST" skipped="0">
  <testcase classname="com.dmsApi.test.test" name="run" time="0.005"/>
  <system-out/>
</testsuite> <!-- com.dmsApi.test.test -->
