<?xml version="1.0" encoding="UTF-8"?>
<!-- Generated by org.testng.reporters.JUnitReportReporter -->
<testsuite hostname="admin7-HP-Pavilion-Laptop-14-dv0xxx" failures="0" tests="1" name="com.dmsApi.test.BaseTest" time="2.110" errors="0" timestamp="2022-03-14T11:34:06 IST" skipped="0">
  <testcase classname="com.dmsApi.test.BaseTest" name="run" time="2.110"/>
  <system-out/>
</testsuite> <!-- com.dmsApi.test.BaseTest -->
